<?xml version="1.0" encoding="UTF-8"?>
<!-- Generated by org.testng.reporters.JUnitReportReporter -->
<testsuite hostname="192.168.1.16" failures="0" tests="4" name="qaautomation.tugas3.Tugas3" time="45.963" errors="0" timestamp="18 Feb 2022 14:57:34 GMT" skipped="0">
  <testcase classname="qaautomation.tugas3.Tugas3" name="negativeTestRefactor" time="13.501"/>
  <testcase classname="qaautomation.tugas3.Tugas3" name="test" time="11.914"/>
  <testcase classname="qaautomation.tugas3.Tugas3" name="negativeTest" time="13.818"/>
  <testcase classname="qaautomation.tugas3.Tugas3" name="logoutTest" time="6.730"/>
</testsuite> <!-- qaautomation.tugas3.Tugas3 -->
