<?xml version="1.0" encoding="UTF-8"?>
<!-- Generated by org.testng.reporters.JUnitReportReporter -->
<testsuite hostname="192.168.1.17" failures="0" tests="4" name="qaautomation.tugasqa.Tugas3" time="28.496" errors="0" timestamp="09 Feb 2022 07:44:36 GMT" skipped="0">
  <testcase classname="qaautomation.tugasqa.Tugas3" name="negativeTestRefactor" time="5.163"/>
  <testcase classname="qaautomation.tugasqa.Tugas3" name="test" time="5.683"/>
  <testcase classname="qaautomation.tugasqa.Tugas3" name="logoutTest" time="6.224"/>
  <testcase classname="qaautomation.tugasqa.Tugas3" name="negativeTest" time="11.426"/>
</testsuite> <!-- qaautomation.tugasqa.Tugas3 -->
