<?xml version="1.0" encoding="UTF-8"?>
<!-- Generated by org.testng.reporters.JUnitReportReporter -->
<testsuite hostname="192.168.1.17" failures="0" tests="1" name="qaautomation.tugas4.Tugas4" time="7.811" errors="0" timestamp="11 Feb 2022 06:28:16 GMT" skipped="0">
  <testcase classname="qaautomation.tugas4.Tugas4" name="testEmail" time="7.811"/>
</testsuite> <!-- qaautomation.tugas4.Tugas4 -->
